The target system is: Generic - 2.1.99 - arm
The host system is: Windows - 10.0.18362 - AMD64
Compiling the C compiler identification source file "CMakeCCompilerId.c" succeeded.
Compiler: C:/Program Files (x86)/GNU Tools ARM Embedded/8 2019-q3-update/bin/arm-none-eabi-gcc.exe 
Build flags: 
Id flags: -c 

The output was:
0


Compilation of the C compiler identification source "CMakeCCompilerId.c" produced "CMakeCCompilerId.o"

The C compiler identification is GNU, found in "C:/GitHub/NRF91/ncs/nrf/applications/asset_tracker/build_nrf9160_pca10090ns/spm/CMakeFiles/3.16.4/CompilerIdC/CMakeCCompilerId.o"

Compiling the CXX compiler identification source file "CMakeCXXCompilerId.cpp" succeeded.
Compiler: C:/Program Files (x86)/GNU Tools ARM Embedded/8 2019-q3-update/bin/arm-none-eabi-gcc.exe 
Build flags: 
Id flags: -c 

The output was:
0


Compilation of the CXX compiler identification source "CMakeCXXCompilerId.cpp" produced "CMakeCXXCompilerId.o"

The CXX compiler identification is GNU, found in "C:/GitHub/NRF91/ncs/nrf/applications/asset_tracker/build_nrf9160_pca10090ns/spm/CMakeFiles/3.16.4/CompilerIdCXX/CMakeCXXCompilerId.o"

Checking whether the ASM compiler is GNU using "--version" matched "(GNU assembler)|(GCC)|(Free Software Foundation)":
arm-none-eabi-gcc.exe (GNU Tools for Arm Embedded Processors 8-2019-q3-update) 8.3.1 20190703 (release) [gcc-8-branch revision 273027]
Copyright (C) 2018 Free Software Foundation, Inc.
This is free software; see the source for copying conditions.  There is NO
warranty; not even for MERCHANTABILITY or FITNESS FOR A PARTICULAR PURPOSE.

Performing C SOURCE FILE Test check_fmacro_prefix_map_C__GitHub_NRF91_ncs_nrf_samples_nrf9160_spm_CMAKE_SOURCE_DIR_C__nostartfiles__nostdlib__isystem__c__program_files__x86__gnu_tools_arm_embedded_8_2019_q3_update_bin____lib_gcc_arm_none_eabi_8_3_1_include___isystem__c__program_files__x86__gnu_tools_arm_embedded_8_2019_q3_update_bin____lib_gcc_arm_none_eabi_8_3_1_include_fixed___Wl___unresolved_symbols_ignore_in_object_files__Wl___entry_0 succeeded with the following output:
Change Dir: C:/GitHub/NRF91/ncs/nrf/applications/asset_tracker/build_nrf9160_pca10090ns/spm/CMakeFiles/CMakeTmp

Run Build Command(s):C:/ProgramData/chocolatey/bin/ninja.exe cmTC_907bb && [1/2] Building C object CMakeFiles/cmTC_907bb.dir/src.c.obj
[2/2] Linking C executable cmTC_907bb


Source file was:
int main(void) { return 0; }
Performing C SOURCE FILE Test check_C__nostartfiles__nostdlib__isystem__c__program_files__x86__gnu_tools_arm_embedded_8_2019_q3_update_bin____lib_gcc_arm_none_eabi_8_3_1_include___isystem__c__program_files__x86__gnu_tools_arm_embedded_8_2019_q3_update_bin____lib_gcc_arm_none_eabi_8_3_1_include_fixed___Wl___unresolved_symbols_ignore_in_object_files__Wl___entry_0__Wl___out_implib_C__GitHub_NRF91_ncs_nrf_applications_asset_tracker_build_nrf9160_pca10090ns_spm_libspmsecureentries_a succeeded with the following output:
Change Dir: C:/GitHub/NRF91/ncs/nrf/applications/asset_tracker/build_nrf9160_pca10090ns/spm/CMakeFiles/CMakeTmp

Run Build Command(s):C:/ProgramData/chocolatey/bin/ninja.exe cmTC_f6334 && [1/2] Building C object CMakeFiles/cmTC_f6334.dir/src.c.obj
[2/2] Linking C executable cmTC_f6334


Source file was:
int main(void) { return 0; }
Performing C SOURCE FILE Test check_C__nostartfiles__nostdlib__isystem__c__program_files__x86__gnu_tools_arm_embedded_8_2019_q3_update_bin____lib_gcc_arm_none_eabi_8_3_1_include___isystem__c__program_files__x86__gnu_tools_arm_embedded_8_2019_q3_update_bin____lib_gcc_arm_none_eabi_8_3_1_include_fixed___Wl___unresolved_symbols_ignore_in_object_files__Wl___entry_0__Wl___cmse_implib succeeded with the following output:
Change Dir: C:/GitHub/NRF91/ncs/nrf/applications/asset_tracker/build_nrf9160_pca10090ns/spm/CMakeFiles/CMakeTmp

Run Build Command(s):C:/ProgramData/chocolatey/bin/ninja.exe cmTC_204f5 && [1/2] Building C object CMakeFiles/cmTC_204f5.dir/src.c.obj
[2/2] Linking C executable cmTC_204f5


Source file was:
int main(void) { return 0; }
Performing C SOURCE FILE Test check_C__nostartfiles__nostdlib__isystem__c__program_files__x86__gnu_tools_arm_embedded_8_2019_q3_update_bin____lib_gcc_arm_none_eabi_8_3_1_include___isystem__c__program_files__x86__gnu_tools_arm_embedded_8_2019_q3_update_bin____lib_gcc_arm_none_eabi_8_3_1_include_fixed___Wl___unresolved_symbols_ignore_in_object_files__Wl___entry_0__Wl___print_memory_usage succeeded with the following output:
Change Dir: C:/GitHub/NRF91/ncs/nrf/applications/asset_tracker/build_nrf9160_pca10090ns/spm/CMakeFiles/CMakeTmp

Run Build Command(s):C:/ProgramData/chocolatey/bin/ninja.exe cmTC_fb7ad && [1/2] Building C object CMakeFiles/cmTC_fb7ad.dir/src.c.obj
[2/2] Linking C executable cmTC_fb7ad
Memory region         Used Size  Region Size  %age Used


Source file was:
int main(void) { return 0; }
